(convonet) C:\DevPy\convonet\dist>app.exe
Traceback (most recent call last):
  File "importlib\metadata\__init__.py", line 407, in from_name
StopIteration

During handling of the above exception, another exception occurred:

Traceback (most recent call last):
  File "app.py", line 31, in <module>
  File "pyimod02_importers.py", line 457, in exec_module
  File "appctrl\controller.py", line 31, in <module>
  File "pyimod02_importers.py", line 457, in exec_module
  File "appctrl\tune_thread.py", line 5, in <module>
  File "pyimod02_importers.py", line 457, in exec_module
  File "scikeras\__init__.py", line 7, in <module>
  File "importlib\metadata\__init__.py", line 987, in version
  File "importlib\metadata\__init__.py", line 960, in distribution
  File "importlib\metadata\__init__.py", line 409, in from_name
importlib.metadata.PackageNotFoundError: No package metadata was found for scikeras
[PYI-20884:ERROR] Failed to execute script 'app' due to unhandled exception!
[PYI-8016:WARNING] Failed to remove temporary directory: C:\Users\ron4c\AppData\Local\Temp\_MEI80162

(convonet) C:\DevPy\convonet\dist>